TN:
SF:CoordinatesValidator\CoordinatesValidator.js
FN:1,(anonymous_0)
FN:5,(anonymous_1)
FN:17,(anonymous_2)
FN:29,(anonymous_3)
FN:41,(anonymous_4)
FNF:5
FNH:5
FNDA:2,(anonymous_0)
FNDA:3,(anonymous_1)
FNDA:2,(anonymous_2)
FNDA:3,(anonymous_3)
FNDA:1,(anonymous_4)
DA:1,1
DA:2,2
DA:5,1
DA:6,3
DA:7,3
DA:8,21
DA:9,21
DA:10,0
DA:14,3
DA:17,1
DA:18,2
DA:19,2
DA:20,0
DA:22,2
DA:23,2
DA:26,0
DA:29,1
DA:30,3
DA:31,3
DA:32,1
DA:34,3
DA:35,3
DA:38,0
DA:41,1
DA:42,1
DA:43,1
DA:44,1
DA:45,1
DA:46,1
DA:49,0
DA:52,1
LF:31
LH:26
BRDA:9,0,0,0
BRDA:9,0,1,21
BRDA:19,1,0,0
BRDA:19,1,1,2
BRDA:22,2,0,2
BRDA:22,2,1,0
BRDA:22,3,0,2
BRDA:22,3,1,2
BRDA:31,4,0,1
BRDA:31,4,1,2
BRDA:34,5,0,3
BRDA:34,5,1,0
BRDA:34,6,0,3
BRDA:34,6,1,3
BRDA:43,7,0,1
BRDA:43,7,1,0
BRDA:43,8,0,1
BRDA:43,8,1,1
BRDA:46,9,0,1
BRDA:46,9,1,0
BRDA:46,10,0,1
BRDA:46,10,1,1
BRF:22
BRH:16
end_of_record
TN:
SF:CreatePhoneNumber\CreatePhoneNumber.js
FN:1,(anonymous_0)
FN:5,(anonymous_1)
FN:9,(anonymous_2)
FNF:3
FNH:3
FNDA:2,(anonymous_0)
FNDA:2,(anonymous_1)
FNDA:1,(anonymous_2)
DA:1,1
DA:2,2
DA:5,1
DA:6,2
DA:9,1
DA:10,1
DA:11,1
DA:12,1
DA:14,1
DA:17,1
LF:10
LH:10
BRF:0
BRH:0
end_of_record
TN:
SF:FindTheParityOutlier\FindTheParityOutlier.js
FN:1,(anonymous_0)
FN:6,(anonymous_1)
FNF:2
FNH:2
FNDA:9,(anonymous_0)
FNDA:1,(anonymous_1)
DA:1,1
DA:2,9
DA:3,1
DA:6,1
DA:7,1
DA:8,1
DA:9,1
DA:10,8
DA:11,7
DA:13,1
DA:17,1
DA:18,0
DA:22,1
LF:13
LH:12
BRDA:2,0,0,8
BRDA:2,0,1,1
BRDA:10,1,0,7
BRDA:10,1,1,1
BRDA:17,2,0,1
BRDA:17,2,1,0
BRF:6
BRH:5
end_of_record
TN:
SF:HighestScoringWord\HighestScoringWord.js
FN:1,(anonymous_0)
FN:5,(anonymous_1)
FN:10,(anonymous_2)
FN:19,(anonymous_3)
FNF:4
FNH:4
FNDA:2,(anonymous_0)
FNDA:25,(anonymous_1)
FNDA:9,(anonymous_2)
FNDA:1,(anonymous_3)
DA:1,1
DA:2,2
DA:5,1
DA:6,25
DA:7,25
DA:10,1
DA:11,9
DA:12,9
DA:13,24
DA:16,9
DA:19,1
DA:20,1
DA:21,1
DA:22,1
DA:23,8
DA:26,1
DA:29,1
LF:17
LH:17
BRF:0
BRH:0
end_of_record
TN:
SF:JosephusPermutation\JosephusPermutation.js
FN:1,(anonymous_0)
FN:5,(anonymous_1)
FN:6,(anonymous_2)
FN:9,(anonymous_3)
FNF:4
FNH:4
FNDA:15,(anonymous_0)
FNDA:15,(anonymous_1)
FNDA:63,(anonymous_2)
FNDA:2,(anonymous_3)
DA:1,1
DA:2,15
DA:5,1
DA:6,63
DA:9,1
DA:10,2
DA:11,2
DA:12,2
DA:13,2
DA:14,14
DA:15,14
DA:16,14
DA:17,14
DA:20,2
DA:23,1
DA:25,1
LF:16
LH:16
BRF:0
BRH:0
end_of_record
TN:
SF:MovingZerosToTheEnd\MovingZerosToTheEnd.js
FN:1,(anonymous_0)
FN:6,(anonymous_1)
FN:8,(anonymous_2)
FNF:3
FNH:3
FNDA:11,(anonymous_0)
FNDA:1,(anonymous_1)
FNDA:9,(anonymous_2)
DA:1,1
DA:2,11
DA:3,8
DA:6,1
DA:7,1
DA:8,9
DA:9,1
DA:10,9
DA:11,2
DA:15,1
DA:25,1
LF:11
LH:11
BRDA:2,0,0,3
BRDA:2,0,1,8
BRDA:10,1,0,2
BRDA:10,1,1,7
BRF:4
BRH:4
end_of_record
TN:
SF:TwoArraysZeroRowsAndZeroColumns\TwoArraysZeroRowsAndZeroColumns.js
FN:1,(anonymous_0)
FN:6,(anonymous_1)
FN:7,(anonymous_2)
FN:10,(anonymous_3)
FNF:4
FNH:4
FNDA:7,(anonymous_0)
FNDA:3,(anonymous_1)
FNDA:5,(anonymous_2)
FNDA:1,(anonymous_3)
DA:1,1
DA:2,7
DA:3,5
DA:6,1
DA:7,5
DA:10,1
DA:11,1
DA:12,1
DA:13,1
DA:15,1
DA:16,2
DA:17,6
DA:18,1
DA:19,1
DA:22,1
DA:23,1
DA:28,1
DA:31,1
LF:18
LH:18
BRDA:2,0,0,2
BRDA:2,0,1,5
BRDA:17,1,0,1
BRDA:17,1,1,5
BRDA:18,2,0,1
BRDA:18,2,1,0
BRDA:22,3,0,1
BRDA:22,3,1,0
BRF:8
BRH:6
end_of_record
TN:
SF:WhichAreIn\WhichAreIn.js
FN:1,(anonymous_0)
FN:6,(anonymous_1)
FNF:2
FNH:2
FNDA:10,(anonymous_0)
FNDA:1,(anonymous_1)
DA:1,1
DA:2,10
DA:3,6
DA:6,1
DA:7,1
DA:8,1
DA:9,3
DA:10,9
DA:11,3
DA:12,3
DA:17,1
DA:20,1
LF:12
LH:12
BRDA:2,0,0,4
BRDA:2,0,1,6
BRDA:10,1,0,3
BRDA:10,1,1,6
BRF:4
BRH:4
end_of_record
