TN:
SF:CoordinatesValidator\CoordinatesValidator.js
FN:1,(anonymous_0)
FN:5,(anonymous_1)
FN:17,(anonymous_2)
FN:29,(anonymous_3)
FN:41,(anonymous_4)
FNF:5
FNH:5
FNDA:2,(anonymous_0)
FNDA:5,(anonymous_1)
FNDA:2,(anonymous_2)
FNDA:3,(anonymous_3)
FNDA:1,(anonymous_4)
DA:1,1
DA:2,2
DA:5,1
DA:6,5
DA:7,5
DA:8,40
DA:9,40
DA:10,0
DA:14,5
DA:17,1
DA:18,2
DA:19,2
DA:20,0
DA:22,2
DA:23,2
DA:26,0
DA:29,1
DA:30,3
DA:31,3
DA:32,1
DA:34,3
DA:35,3
DA:38,0
DA:41,1
DA:42,1
DA:43,1
DA:44,1
DA:45,1
DA:46,1
DA:47,1
DA:48,1
DA:49,1
DA:50,1
DA:53,0
DA:57,1
LF:35
LH:30
BRDA:9,0,0,0
BRDA:9,0,1,40
BRDA:19,1,0,0
BRDA:19,1,1,2
BRDA:22,2,0,2
BRDA:22,2,1,0
BRDA:22,3,0,2
BRDA:22,3,1,2
BRDA:31,4,0,1
BRDA:31,4,1,2
BRDA:34,5,0,3
BRDA:34,5,1,0
BRDA:34,6,0,3
BRDA:34,6,1,3
BRDA:45,7,0,1
BRDA:45,7,1,0
BRDA:45,8,0,1
BRDA:45,8,1,1
BRDA:50,9,0,1
BRDA:50,9,1,0
BRDA:50,10,0,1
BRDA:50,10,1,1
BRF:22
BRH:16
end_of_record
